Using pre-set license
Built from '2020.3/staging' branch; Version is '2020.3.10f1 (297d780c91bc) revision 2719096'; Using compiler version '192528614'; Build Type 'Release'
OS: 'Windows 10 Home; OS build 19042.1052; Version 2009; 64bit' Language: 'en' Physical Memory: 8043 MB
BatchMode: 1, IsHumanControllingUs: 0, StartBugReporterOnCrash: 0, Is64bit: 1, IsPro: 0

 COMMAND LINE ARGUMENTS:
C:\Program Files\Unity\Hub\Editor\2020.3.10f1\Editor\Unity.exe
-adb2
-batchMode
-noUpm
-name
AssetImportWorker0
-projectPath
C:/Celta Games/Metal - Tetris
-logFile
Logs/AssetImportWorker0.log
-srvPort
53674
Successfully changed project path to: C:/Celta Games/Metal - Tetris
C:/Celta Games/Metal - Tetris
Using Asset Import Pipeline V2.
Refreshing native plugins compatible for Editor in 44.75 ms, found 3 plugins.
Preloading 0 native plugins for Editor in 0.00 ms.
Initialize engine version: 2020.3.10f1 (297d780c91bc)
[Subsystems] Discovering subsystems at path C:/Program Files/Unity/Hub/Editor/2020.3.10f1/Editor/Data/Resources/UnitySubsystems
[Subsystems] Discovering subsystems at path C:/Celta Games/Metal - Tetris/Assets
GfxDevice: creating device client; threaded=0
Direct3D:
    Version:  Direct3D 11.0 [level 11.1]
    Renderer: NVIDIA GeForce GTX 1650 (ID=0x1f91)
    Vendor:   
    VRAM:     3962 MB
    Driver:   27.21.14.5167
Initialize mono
Mono path[0] = 'C:/Program Files/Unity/Hub/Editor/2020.3.10f1/Editor/Data/Managed'
Mono path[1] = 'C:/Program Files/Unity/Hub/Editor/2020.3.10f1/Editor/Data/MonoBleedingEdge/lib/mono/unityjit'
Mono config path = 'C:/Program Files/Unity/Hub/Editor/2020.3.10f1/Editor/Data/MonoBleedingEdge/etc'
Using monoOptions --debugger-agent=transport=dt_socket,embedding=1,server=y,suspend=n,address=127.0.0.1:56516
Begin MonoManager ReloadAssembly
Registering precompiled unity dll's ...
Register platform support module: C:/Program Files/Unity/Hub/Editor/2020.3.10f1/Editor/Data/PlaybackEngines/WebGLSupport/UnityEditor.WebGL.Extensions.dll
Register platform support module: C:/Program Files/Unity/Hub/Editor/2020.3.10f1/Editor/Data/PlaybackEngines/WindowsStandaloneSupport/UnityEditor.WindowsStandalone.Extensions.dll
Registered in 0.002400 seconds.
Native extension for WindowsStandalone target not found
Native extension for WebGL target not found
Refreshing native plugins compatible for Editor in 42.36 ms, found 3 plugins.
Preloading 0 native plugins for Editor in 0.00 ms.
Mono: successfully reloaded assembly
- Completed reload, in  2.403 seconds
Platform modules already initialized, skipping
Registering precompiled user dll's ...
Registered in 0.009040 seconds.
Begin MonoManager ReloadAssembly
Native extension for WindowsStandalone target not found
Native extension for WebGL target not found
Refreshing native plugins compatible for Editor in 42.51 ms, found 3 plugins.
Preloading 0 native plugins for Editor in 0.00 ms.
Mono: successfully reloaded assembly
- Completed reload, in  1.268 seconds
Platform modules already initialized, skipping
========================================================================
Worker process is ready to serve import requests
Launched and connected shader compiler UnityShaderCompiler.exe after 0.07 seconds
Refreshing native plugins compatible for Editor in 0.47 ms, found 3 plugins.
Preloading 0 native plugins for Editor in 0.00 ms.
Unloading 2391 Unused Serialized files (Serialized files now loaded: 0)
System memory in use before: 105.5 MB.
System memory in use after: 105.5 MB.

Unloading 35 unused Assets to reduce memory usage. Loaded Objects now: 2826.
Total: 2.705000 ms (FindLiveObjects: 0.357500 ms CreateObjectMapping: 0.105900 ms MarkObjects: 2.120300 ms  DeleteObjects: 0.120400 ms)

========================================================================
Received Import Request.
  path: Assets/Scripts/Controller.inputactions
  artifactKey: Guid(ab10a20926280ee46acd4969efd6051c) Importer(815301076,1909f56bfc062723c751e8b465ee728b)
Start importing Assets/Scripts/Controller.inputactions using Guid(ab10a20926280ee46acd4969efd6051c) Importer(815301076,1909f56bfc062723c751e8b465ee728b)  -> (artifact id: 'ad792492ff33668231e66ac1414937ee') in 0.059325 seconds
  Import took 0.063301 seconds .

========================================================================
Received Import Request.
  Time since last request: 501.716197 seconds.
  path: Assets/Scripts/Controller.inputactions
  artifactKey: Guid(ab10a20926280ee46acd4969efd6051c) Importer(815301076,1909f56bfc062723c751e8b465ee728b)
Start importing Assets/Scripts/Controller.inputactions using Guid(ab10a20926280ee46acd4969efd6051c) Importer(815301076,1909f56bfc062723c751e8b465ee728b)  -> (artifact id: 'cc3dc0d07681b1d8fa60d6b106c02e14') in 0.006491 seconds
  Import took 0.010778 seconds .

========================================================================
Received Import Request.
  Time since last request: 0.009133 seconds.
  path: Assets/Scripts/Controller.inputactions
  artifactKey: Guid(ab10a20926280ee46acd4969efd6051c) Importer(815301076,1909f56bfc062723c751e8b465ee728b)
Start importing Assets/Scripts/Controller.inputactions using Guid(ab10a20926280ee46acd4969efd6051c) Importer(815301076,1909f56bfc062723c751e8b465ee728b)  -> (artifact id: 'cc3dc0d07681b1d8fa60d6b106c02e14') in 0.006612 seconds
  Import took 0.010853 seconds .

========================================================================
Received Import Request.
  Time since last request: 15.385212 seconds.
  path: Assets/Scripts/Controller.inputactions
  artifactKey: Guid(ab10a20926280ee46acd4969efd6051c) Importer(815301076,1909f56bfc062723c751e8b465ee728b)
Start importing Assets/Scripts/Controller.inputactions using Guid(ab10a20926280ee46acd4969efd6051c) Importer(815301076,1909f56bfc062723c751e8b465ee728b)  -> (artifact id: '8c49631aab50dc8bfd03112819b1dfb6') in 0.005420 seconds
  Import took 0.009137 seconds .

========================================================================
Received Import Request.
  Time since last request: 0.010841 seconds.
  path: Assets/Scripts/Controller.inputactions
  artifactKey: Guid(ab10a20926280ee46acd4969efd6051c) Importer(815301076,1909f56bfc062723c751e8b465ee728b)
Start importing Assets/Scripts/Controller.inputactions using Guid(ab10a20926280ee46acd4969efd6051c) Importer(815301076,1909f56bfc062723c751e8b465ee728b)  -> (artifact id: '8c49631aab50dc8bfd03112819b1dfb6') in 0.006531 seconds
  Import took 0.010076 seconds .

========================================================================
Received Prepare
Registering precompiled user dll's ...
Registered in 0.006974 seconds.
Begin MonoManager ReloadAssembly
Native extension for WindowsStandalone target not found
Native extension for WebGL target not found
Refreshing native plugins compatible for Editor in 0.46 ms, found 3 plugins.
Preloading 0 native plugins for Editor in 0.00 ms.
Mono: successfully reloaded assembly
- Completed reload, in  1.110 seconds
Platform modules already initialized, skipping
Refreshing native plugins compatible for Editor in 0.53 ms, found 3 plugins.
Preloading 0 native plugins for Editor in 0.00 ms.
Unloading 2374 Unused Serialized files (Serialized files now loaded: 0)
System memory in use before: 104.5 MB.
System memory in use after: 104.6 MB.

Unloading 21 unused Assets to reduce memory usage. Loaded Objects now: 2831.
Total: 2.828700 ms (FindLiveObjects: 0.218600 ms CreateObjectMapping: 0.081700 ms MarkObjects: 2.428200 ms  DeleteObjects: 0.099500 ms)

========================================================================
Received Import Request.
  Time since last request: 146.278886 seconds.
  path: Assets/Scripts/Testing.cs
  artifactKey: Guid(e1e2d18a8bb6a5949a919bf9743ce1b5) Importer(815301076,1909f56bfc062723c751e8b465ee728b)
Start importing Assets/Scripts/Testing.cs using Guid(e1e2d18a8bb6a5949a919bf9743ce1b5) Importer(815301076,1909f56bfc062723c751e8b465ee728b)  -> (artifact id: '3937e602ea8399f456db61212e30046b') in 0.017192 seconds
  Import took 0.022557 seconds .

========================================================================
Received Import Request.
  Time since last request: 0.001363 seconds.
  path: Assets/Scripts/Testing.cs
  artifactKey: Guid(e1e2d18a8bb6a5949a919bf9743ce1b5) Importer(815301076,1909f56bfc062723c751e8b465ee728b)
Start importing Assets/Scripts/Testing.cs using Guid(e1e2d18a8bb6a5949a919bf9743ce1b5) Importer(815301076,1909f56bfc062723c751e8b465ee728b)  -> (artifact id: '3937e602ea8399f456db61212e30046b') in 0.005954 seconds
  Import took 0.009591 seconds .

========================================================================
Received Prepare
Registering precompiled user dll's ...
Registered in 0.010622 seconds.
Begin MonoManager ReloadAssembly
Native extension for WindowsStandalone target not found
Native extension for WebGL target not found
Refreshing native plugins compatible for Editor in 0.45 ms, found 3 plugins.
Preloading 0 native plugins for Editor in 0.00 ms.
Mono: successfully reloaded assembly
- Completed reload, in  1.057 seconds
Platform modules already initialized, skipping
Refreshing native plugins compatible for Editor in 0.54 ms, found 3 plugins.
Preloading 0 native plugins for Editor in 0.00 ms.
Unloading 2374 Unused Serialized files (Serialized files now loaded: 0)
System memory in use before: 104.5 MB.
System memory in use after: 104.6 MB.

Unloading 21 unused Assets to reduce memory usage. Loaded Objects now: 2835.
Total: 2.379900 ms (FindLiveObjects: 0.219100 ms CreateObjectMapping: 0.094500 ms MarkObjects: 1.963600 ms  DeleteObjects: 0.101500 ms)

========================================================================
Received Import Request.
  Time since last request: 49.951683 seconds.
  path: Assets/Scripts/Testing.cs
  artifactKey: Guid(e1e2d18a8bb6a5949a919bf9743ce1b5) Importer(815301076,1909f56bfc062723c751e8b465ee728b)
Start importing Assets/Scripts/Testing.cs using Guid(e1e2d18a8bb6a5949a919bf9743ce1b5) Importer(815301076,1909f56bfc062723c751e8b465ee728b)  -> (artifact id: 'c2fc05ff58db561f5341e0b1407c0918') in 0.006685 seconds
  Import took 0.013696 seconds .

========================================================================
Received Import Request.
  Time since last request: 0.056031 seconds.
  path: Assets/Scripts/Testing.cs
  artifactKey: Guid(e1e2d18a8bb6a5949a919bf9743ce1b5) Importer(815301076,1909f56bfc062723c751e8b465ee728b)
Start importing Assets/Scripts/Testing.cs using Guid(e1e2d18a8bb6a5949a919bf9743ce1b5) Importer(815301076,1909f56bfc062723c751e8b465ee728b)  -> (artifact id: 'c2fc05ff58db561f5341e0b1407c0918') in 0.004098 seconds
  Import took 0.008816 seconds .

========================================================================
Received Import Request.
  Time since last request: 5.521591 seconds.
  path: Assets/Scripts/DebugWorldText.cs
  artifactKey: Guid(2ef75e0fad8161449b35384fc5a940ae) Importer(815301076,1909f56bfc062723c751e8b465ee728b)
Start importing Assets/Scripts/DebugWorldText.cs using Guid(2ef75e0fad8161449b35384fc5a940ae) Importer(815301076,1909f56bfc062723c751e8b465ee728b)  -> (artifact id: '310796249d2a4bfb0d188e78dff67ec1') in 0.004537 seconds
  Import took 0.008374 seconds .

========================================================================
Received Import Request.
  Time since last request: 0.020542 seconds.
  path: Assets/Scripts/DebugWorldText.cs
  artifactKey: Guid(2ef75e0fad8161449b35384fc5a940ae) Importer(815301076,1909f56bfc062723c751e8b465ee728b)
Start importing Assets/Scripts/DebugWorldText.cs using Guid(2ef75e0fad8161449b35384fc5a940ae) Importer(815301076,1909f56bfc062723c751e8b465ee728b)  -> (artifact id: '310796249d2a4bfb0d188e78dff67ec1') in 0.004414 seconds
  Import took 0.008538 seconds .

========================================================================
Received Prepare
Registering precompiled user dll's ...
Registered in 0.006876 seconds.
Begin MonoManager ReloadAssembly
Native extension for WindowsStandalone target not found
Native extension for WebGL target not found
Refreshing native plugins compatible for Editor in 0.46 ms, found 3 plugins.
Preloading 0 native plugins for Editor in 0.00 ms.
Mono: successfully reloaded assembly
- Completed reload, in  1.112 seconds
Platform modules already initialized, skipping
Refreshing native plugins compatible for Editor in 0.47 ms, found 3 plugins.
Preloading 0 native plugins for Editor in 0.00 ms.
Unloading 2374 Unused Serialized files (Serialized files now loaded: 0)
System memory in use before: 104.6 MB.
System memory in use after: 104.6 MB.

Unloading 21 unused Assets to reduce memory usage. Loaded Objects now: 2839.
Total: 2.652000 ms (FindLiveObjects: 0.227200 ms CreateObjectMapping: 0.090000 ms MarkObjects: 2.241000 ms  DeleteObjects: 0.093000 ms)

========================================================================
Received Import Request.
  Time since last request: 50.958976 seconds.
  path: Assets/Scripts/DebugWorldText.cs
  artifactKey: Guid(2ef75e0fad8161449b35384fc5a940ae) Importer(815301076,1909f56bfc062723c751e8b465ee728b)
Start importing Assets/Scripts/DebugWorldText.cs using Guid(2ef75e0fad8161449b35384fc5a940ae) Importer(815301076,1909f56bfc062723c751e8b465ee728b)  -> (artifact id: 'b90062aa29248ca58e6db448e899b4bf') in 0.007315 seconds
  Import took 0.012228 seconds .

========================================================================
Received Import Request.
  Time since last request: 0.047266 seconds.
  path: Assets/Scripts/DebugWorldText.cs
  artifactKey: Guid(2ef75e0fad8161449b35384fc5a940ae) Importer(815301076,1909f56bfc062723c751e8b465ee728b)
Start importing Assets/Scripts/DebugWorldText.cs using Guid(2ef75e0fad8161449b35384fc5a940ae) Importer(815301076,1909f56bfc062723c751e8b465ee728b)  -> (artifact id: 'b90062aa29248ca58e6db448e899b4bf') in 0.004106 seconds
  Import took 0.008328 seconds .

========================================================================
Received Prepare
Registering precompiled user dll's ...
Registered in 0.014299 seconds.
Begin MonoManager ReloadAssembly
Native extension for WindowsStandalone target not found
Native extension for WebGL target not found
Refreshing native plugins compatible for Editor in 0.45 ms, found 3 plugins.
Preloading 0 native plugins for Editor in 0.00 ms.
Mono: successfully reloaded assembly
- Completed reload, in  1.056 seconds
Platform modules already initialized, skipping
Refreshing native plugins compatible for Editor in 0.46 ms, found 3 plugins.
Preloading 0 native plugins for Editor in 0.00 ms.
Unloading 2374 Unused Serialized files (Serialized files now loaded: 0)
System memory in use before: 104.6 MB.
System memory in use after: 104.7 MB.

Unloading 21 unused Assets to reduce memory usage. Loaded Objects now: 2843.
Total: 2.699300 ms (FindLiveObjects: 0.223800 ms CreateObjectMapping: 0.080900 ms MarkObjects: 2.298000 ms  DeleteObjects: 0.095900 ms)

========================================================================
Received Prepare
Registering precompiled user dll's ...
Registered in 0.008522 seconds.
Begin MonoManager ReloadAssembly
Native extension for WindowsStandalone target not found
Native extension for WebGL target not found
Refreshing native plugins compatible for Editor in 0.45 ms, found 3 plugins.
Preloading 0 native plugins for Editor in 0.00 ms.
Mono: successfully reloaded assembly
- Completed reload, in  1.179 seconds
Platform modules already initialized, skipping
Refreshing native plugins compatible for Editor in 0.47 ms, found 3 plugins.
Preloading 0 native plugins for Editor in 0.00 ms.
Unloading 2374 Unused Serialized files (Serialized files now loaded: 0)
System memory in use before: 104.5 MB.
System memory in use after: 104.6 MB.

Unloading 21 unused Assets to reduce memory usage. Loaded Objects now: 2847.
Total: 2.532200 ms (FindLiveObjects: 0.237300 ms CreateObjectMapping: 0.093300 ms MarkObjects: 2.093000 ms  DeleteObjects: 0.107600 ms)

========================================================================
Received Prepare
Registering precompiled user dll's ...
Registered in 0.007691 seconds.
Begin MonoManager ReloadAssembly
Native extension for WindowsStandalone target not found
Native extension for WebGL target not found
Refreshing native plugins compatible for Editor in 0.45 ms, found 3 plugins.
Preloading 0 native plugins for Editor in 0.00 ms.
Mono: successfully reloaded assembly
- Completed reload, in  1.087 seconds
Platform modules already initialized, skipping
Refreshing native plugins compatible for Editor in 0.61 ms, found 3 plugins.
Preloading 0 native plugins for Editor in 0.00 ms.
Unloading 2374 Unused Serialized files (Serialized files now loaded: 0)
System memory in use before: 104.6 MB.
System memory in use after: 104.7 MB.

Unloading 21 unused Assets to reduce memory usage. Loaded Objects now: 2851.
Total: 2.372400 ms (FindLiveObjects: 0.220000 ms CreateObjectMapping: 0.112300 ms MarkObjects: 1.941800 ms  DeleteObjects: 0.097300 ms)

========================================================================
Received Import Request.
  Time since last request: 981.356450 seconds.
  path: Assets
  artifactKey: Guid(00000000000000001000000000000000) Importer(815301076,1909f56bfc062723c751e8b465ee728b)
Start importing Assets using Guid(00000000000000001000000000000000) Importer(815301076,1909f56bfc062723c751e8b465ee728b)  -> (artifact id: '42d402b061de3733987d63b9cc3b64de') in 0.007759 seconds
  Import took 0.012736 seconds .

========================================================================
Received Import Request.
  Time since last request: 4.917765 seconds.
  path: Assets/Prefabs
  artifactKey: Guid(e94d13590beb80c4194a011703ee3ed0) Importer(815301076,1909f56bfc062723c751e8b465ee728b)
Start importing Assets/Prefabs using Guid(e94d13590beb80c4194a011703ee3ed0) Importer(815301076,1909f56bfc062723c751e8b465ee728b)  -> (artifact id: '09cf69d77de5e11215c2a073a5bd523d') in 0.003902 seconds
  Import took 0.008197 seconds .

========================================================================
Received Import Request.
  Time since last request: 3.942596 seconds.
  path: Assets/Prefabs/PieceBox.prefab
  artifactKey: Guid(c93f08d855e38c24a870f77ebfb9c76f) Importer(815301076,1909f56bfc062723c751e8b465ee728b)
Start importing Assets/Prefabs/PieceBox.prefab using Guid(c93f08d855e38c24a870f77ebfb9c76f) Importer(815301076,1909f56bfc062723c751e8b465ee728b)  -> (artifact id: '14b0ac8196c6c103c175e171b4a660e7') in 0.110297 seconds
  Import took 0.115053 seconds .

========================================================================
Received Prepare
Registering precompiled user dll's ...
Registered in 0.008540 seconds.
Begin MonoManager ReloadAssembly
Native extension for WindowsStandalone target not found
Native extension for WebGL target not found
Refreshing native plugins compatible for Editor in 0.51 ms, found 3 plugins.
Preloading 0 native plugins for Editor in 0.00 ms.
Mono: successfully reloaded assembly
- Completed reload, in  1.045 seconds
Platform modules already initialized, skipping
Refreshing native plugins compatible for Editor in 0.48 ms, found 3 plugins.
Preloading 0 native plugins for Editor in 0.00 ms.
Unloading 2374 Unused Serialized files (Serialized files now loaded: 0)
System memory in use before: 107.6 MB.
System memory in use after: 107.7 MB.

Unloading 21 unused Assets to reduce memory usage. Loaded Objects now: 2862.
Total: 2.578900 ms (FindLiveObjects: 0.233900 ms CreateObjectMapping: 0.093100 ms MarkObjects: 2.151300 ms  DeleteObjects: 0.099700 ms)

========================================================================
Received Prepare
Registering precompiled user dll's ...
Registered in 0.005091 seconds.
Begin MonoManager ReloadAssembly
Native extension for WindowsStandalone target not found
Native extension for WebGL target not found
Refreshing native plugins compatible for Editor in 0.51 ms, found 3 plugins.
Preloading 0 native plugins for Editor in 0.00 ms.
Mono: successfully reloaded assembly
- Completed reload, in  1.075 seconds
Platform modules already initialized, skipping
Refreshing native plugins compatible for Editor in 0.49 ms, found 3 plugins.
Preloading 0 native plugins for Editor in 0.00 ms.
Unloading 2374 Unused Serialized files (Serialized files now loaded: 0)
System memory in use before: 107.6 MB.
System memory in use after: 107.7 MB.

Unloading 21 unused Assets to reduce memory usage. Loaded Objects now: 2866.
Total: 2.520500 ms (FindLiveObjects: 0.244500 ms CreateObjectMapping: 0.084700 ms MarkObjects: 2.092000 ms  DeleteObjects: 0.098300 ms)

========================================================================
Received Prepare
Registering precompiled user dll's ...
Registered in 0.005566 seconds.
Begin MonoManager ReloadAssembly
Native extension for WindowsStandalone target not found
Native extension for WebGL target not found
Refreshing native plugins compatible for Editor in 0.48 ms, found 3 plugins.
Preloading 0 native plugins for Editor in 0.00 ms.
Mono: successfully reloaded assembly
- Completed reload, in  1.082 seconds
Platform modules already initialized, skipping
Refreshing native plugins compatible for Editor in 0.46 ms, found 3 plugins.
Preloading 0 native plugins for Editor in 0.00 ms.
Unloading 2374 Unused Serialized files (Serialized files now loaded: 0)
System memory in use before: 107.6 MB.
System memory in use after: 107.7 MB.

Unloading 21 unused Assets to reduce memory usage. Loaded Objects now: 2870.
Total: 2.590100 ms (FindLiveObjects: 0.239200 ms CreateObjectMapping: 0.094400 ms MarkObjects: 2.151100 ms  DeleteObjects: 0.104300 ms)

========================================================================
Received Prepare
Registering precompiled user dll's ...
Registered in 0.005367 seconds.
Begin MonoManager ReloadAssembly
Native extension for WindowsStandalone target not found
Native extension for WebGL target not found
Refreshing native plugins compatible for Editor in 0.45 ms, found 3 plugins.
Preloading 0 native plugins for Editor in 0.00 ms.
Mono: successfully reloaded assembly
- Completed reload, in  1.048 seconds
Platform modules already initialized, skipping
Refreshing native plugins compatible for Editor in 0.47 ms, found 3 plugins.
Preloading 0 native plugins for Editor in 0.00 ms.
Unloading 2374 Unused Serialized files (Serialized files now loaded: 0)
System memory in use before: 107.5 MB.
System memory in use after: 107.6 MB.

Unloading 21 unused Assets to reduce memory usage. Loaded Objects now: 2874.
Total: 2.706100 ms (FindLiveObjects: 0.306100 ms CreateObjectMapping: 0.105500 ms MarkObjects: 2.132400 ms  DeleteObjects: 0.101700 ms)

========================================================================
Received Prepare
Registering precompiled user dll's ...
Registered in 0.026232 seconds.
Begin MonoManager ReloadAssembly
Native extension for WindowsStandalone target not found
Native extension for WebGL target not found
Refreshing native plugins compatible for Editor in 0.45 ms, found 3 plugins.
Preloading 0 native plugins for Editor in 0.00 ms.
Mono: successfully reloaded assembly
- Completed reload, in  1.488 seconds
Platform modules already initialized, skipping
Refreshing native plugins compatible for Editor in 1.07 ms, found 3 plugins.
Preloading 0 native plugins for Editor in 0.00 ms.
Unloading 2374 Unused Serialized files (Serialized files now loaded: 0)
System memory in use before: 107.6 MB.
System memory in use after: 107.7 MB.

Unloading 21 unused Assets to reduce memory usage. Loaded Objects now: 2878.
Total: 3.021300 ms (FindLiveObjects: 0.335000 ms CreateObjectMapping: 0.110200 ms MarkObjects: 2.289900 ms  DeleteObjects: 0.285100 ms)

========================================================================
Received Import Request.
  Time since last request: 1316.343940 seconds.
  path: Assets/Prefabs/PieceBox.prefab
  artifactKey: Guid(c93f08d855e38c24a870f77ebfb9c76f) Importer(815301076,1909f56bfc062723c751e8b465ee728b)
Start importing Assets/Prefabs/PieceBox.prefab using Guid(c93f08d855e38c24a870f77ebfb9c76f) Importer(815301076,1909f56bfc062723c751e8b465ee728b)  -> (artifact id: 'd70daf03730b34d4ddc17a0066cd4d8e') in 0.077222 seconds
  Import took 0.083079 seconds .

========================================================================
Received Import Request.
  Time since last request: 1.885826 seconds.
  path: Assets/Prefabs/PieceBox.prefab
  artifactKey: Guid(c93f08d855e38c24a870f77ebfb9c76f) Importer(815301076,1909f56bfc062723c751e8b465ee728b)
Start importing Assets/Prefabs/PieceBox.prefab using Guid(c93f08d855e38c24a870f77ebfb9c76f) Importer(815301076,1909f56bfc062723c751e8b465ee728b)  -> (artifact id: '8bba3f46e8a5d5b439ea16996dff8fe5') in 0.013611 seconds
  Import took 0.018756 seconds .

========================================================================
Received Import Request.
  Time since last request: 6.826603 seconds.
  path: Assets/Prefabs/PieceBox.prefab
  artifactKey: Guid(c93f08d855e38c24a870f77ebfb9c76f) Importer(815301076,1909f56bfc062723c751e8b465ee728b)
Start importing Assets/Prefabs/PieceBox.prefab using Guid(c93f08d855e38c24a870f77ebfb9c76f) Importer(815301076,1909f56bfc062723c751e8b465ee728b)  -> (artifact id: 'ac7e6ba923f5dc9dca0758f8a69fca9d') in 0.012556 seconds
  Import took 0.017400 seconds .

========================================================================
Received Import Request.
  Time since last request: 2.392142 seconds.
  path: Assets/Prefabs/PieceBox.prefab
  artifactKey: Guid(c93f08d855e38c24a870f77ebfb9c76f) Importer(815301076,1909f56bfc062723c751e8b465ee728b)
Start importing Assets/Prefabs/PieceBox.prefab using Guid(c93f08d855e38c24a870f77ebfb9c76f) Importer(815301076,1909f56bfc062723c751e8b465ee728b)  -> (artifact id: '4bc9169427c74ba163290ae1cb0753b7') in 0.012620 seconds
  Import took 0.016642 seconds .

========================================================================
Received Import Request.
  Time since last request: 3.021062 seconds.
  path: Assets/Prefabs/PieceBox.prefab
  artifactKey: Guid(c93f08d855e38c24a870f77ebfb9c76f) Importer(815301076,1909f56bfc062723c751e8b465ee728b)
Start importing Assets/Prefabs/PieceBox.prefab using Guid(c93f08d855e38c24a870f77ebfb9c76f) Importer(815301076,1909f56bfc062723c751e8b465ee728b)  -> (artifact id: '9812b40cc25278bfc5ce84f2993afdba') in 0.013610 seconds
  Import took 0.019524 seconds .

========================================================================
Received Import Request.
  Time since last request: 1.796825 seconds.
  path: Assets/Prefabs/PieceBox.prefab
  artifactKey: Guid(c93f08d855e38c24a870f77ebfb9c76f) Importer(815301076,1909f56bfc062723c751e8b465ee728b)
Start importing Assets/Prefabs/PieceBox.prefab using Guid(c93f08d855e38c24a870f77ebfb9c76f) Importer(815301076,1909f56bfc062723c751e8b465ee728b)  -> (artifact id: 'dd5fcbf1db50072e0776498c1152b48e') in 0.014101 seconds
  Import took 0.022238 seconds .

========================================================================
Received Import Request.
  Time since last request: 1.803104 seconds.
  path: Assets/Prefabs/PieceBox.prefab
  artifactKey: Guid(c93f08d855e38c24a870f77ebfb9c76f) Importer(815301076,1909f56bfc062723c751e8b465ee728b)
Start importing Assets/Prefabs/PieceBox.prefab using Guid(c93f08d855e38c24a870f77ebfb9c76f) Importer(815301076,1909f56bfc062723c751e8b465ee728b)  -> (artifact id: '8fec06da982daf31e9c219ddb771d452') in 0.013982 seconds
  Import took 0.018611 seconds .

========================================================================
Received Import Request.
  Time since last request: 15.251200 seconds.
  path: Assets/Prefabs/PieceBox.prefab
  artifactKey: Guid(c93f08d855e38c24a870f77ebfb9c76f) Importer(815301076,1909f56bfc062723c751e8b465ee728b)
Start importing Assets/Prefabs/PieceBox.prefab using Guid(c93f08d855e38c24a870f77ebfb9c76f) Importer(815301076,1909f56bfc062723c751e8b465ee728b)  -> (artifact id: 'bb82beb9a91558e751a7105f3f7f627e') in 0.016071 seconds
  Import took 0.020212 seconds .

========================================================================
Received Prepare
Registering precompiled user dll's ...
Registered in 0.005130 seconds.
Begin MonoManager ReloadAssembly
Native extension for WindowsStandalone target not found
Native extension for WebGL target not found
Refreshing native plugins compatible for Editor in 0.46 ms, found 3 plugins.
Preloading 0 native plugins for Editor in 0.00 ms.
Mono: successfully reloaded assembly
- Completed reload, in  1.068 seconds
Platform modules already initialized, skipping
Refreshing native plugins compatible for Editor in 0.45 ms, found 3 plugins.
Preloading 0 native plugins for Editor in 0.00 ms.
Unloading 2374 Unused Serialized files (Serialized files now loaded: 0)
System memory in use before: 107.7 MB.
System memory in use after: 107.7 MB.

Unloading 21 unused Assets to reduce memory usage. Loaded Objects now: 2883.
Total: 2.974400 ms (FindLiveObjects: 0.274800 ms CreateObjectMapping: 0.178200 ms MarkObjects: 2.240500 ms  DeleteObjects: 0.280100 ms)

========================================================================
Received Import Request.
  Time since last request: 34.342854 seconds.
  path: Assets/Prefabs/PieceBox.prefab
  artifactKey: Guid(c93f08d855e38c24a870f77ebfb9c76f) Importer(815301076,1909f56bfc062723c751e8b465ee728b)
Start importing Assets/Prefabs/PieceBox.prefab using Guid(c93f08d855e38c24a870f77ebfb9c76f) Importer(815301076,1909f56bfc062723c751e8b465ee728b)  -> (artifact id: '20559d5b17248d56b795569a1e5c8df3') in 0.058803 seconds
  Import took 0.063212 seconds .

========================================================================
Received Import Request.
  Time since last request: 0.031601 seconds.
  path: Assets/Prefabs/PieceBox.prefab
  artifactKey: Guid(c93f08d855e38c24a870f77ebfb9c76f) Importer(815301076,1909f56bfc062723c751e8b465ee728b)
Start importing Assets/Prefabs/PieceBox.prefab using Guid(c93f08d855e38c24a870f77ebfb9c76f) Importer(815301076,1909f56bfc062723c751e8b465ee728b)  -> (artifact id: '5e3cf5b74f957c3753f678c8d8ca24cc') in 0.015324 seconds
  Import took 0.025274 seconds .

========================================================================
Received Import Request.
  Time since last request: 0.010328 seconds.
  path: Assets/Prefabs/PieceBox.prefab
  artifactKey: Guid(c93f08d855e38c24a870f77ebfb9c76f) Importer(815301076,1909f56bfc062723c751e8b465ee728b)
Start importing Assets/Prefabs/PieceBox.prefab using Guid(c93f08d855e38c24a870f77ebfb9c76f) Importer(815301076,1909f56bfc062723c751e8b465ee728b)  -> (artifact id: '5e3cf5b74f957c3753f678c8d8ca24cc') in 0.011427 seconds
  Import took 0.019087 seconds .

========================================================================
Received Import Request.
  Time since last request: 2.768896 seconds.
  path: Assets/Prefabs/PieceBox.prefab
  artifactKey: Guid(c93f08d855e38c24a870f77ebfb9c76f) Importer(815301076,1909f56bfc062723c751e8b465ee728b)
Start importing Assets/Prefabs/PieceBox.prefab using Guid(c93f08d855e38c24a870f77ebfb9c76f) Importer(815301076,1909f56bfc062723c751e8b465ee728b)  -> (artifact id: '41eac67e398db4614beaac109493c9e8') in 0.015689 seconds
  Import took 0.020177 seconds .

========================================================================
Received Import Request.
  Time since last request: 3.199373 seconds.
  path: Assets/Prefabs/PieceBox.prefab
  artifactKey: Guid(c93f08d855e38c24a870f77ebfb9c76f) Importer(815301076,1909f56bfc062723c751e8b465ee728b)
Start importing Assets/Prefabs/PieceBox.prefab using Guid(c93f08d855e38c24a870f77ebfb9c76f) Importer(815301076,1909f56bfc062723c751e8b465ee728b)  -> (artifact id: '2404dca841b80cba94214c53fcafc4eb') in 0.017205 seconds
  Import took 0.021146 seconds .

========================================================================
Received Import Request.
  Time since last request: 4.010361 seconds.
  path: Assets/Prefabs/PieceBox.prefab
  artifactKey: Guid(c93f08d855e38c24a870f77ebfb9c76f) Importer(815301076,1909f56bfc062723c751e8b465ee728b)
Start importing Assets/Prefabs/PieceBox.prefab using Guid(c93f08d855e38c24a870f77ebfb9c76f) Importer(815301076,1909f56bfc062723c751e8b465ee728b)  -> (artifact id: 'bbb26dd0c59b6213c1d32d98ffdde7c0') in 0.013114 seconds
  Import took 0.017357 seconds .

========================================================================
Received Import Request.
  Time since last request: 12.082074 seconds.
  path: Assets/Prefabs/PieceBox.prefab
  artifactKey: Guid(c93f08d855e38c24a870f77ebfb9c76f) Importer(815301076,1909f56bfc062723c751e8b465ee728b)
Start importing Assets/Prefabs/PieceBox.prefab using Guid(c93f08d855e38c24a870f77ebfb9c76f) Importer(815301076,1909f56bfc062723c751e8b465ee728b)  -> (artifact id: '3cf1b916db76b97b40019affbbc57e6c') in 0.011627 seconds
  Import took 0.016179 seconds .

========================================================================
Received Import Request.
  Time since last request: 2.810833 seconds.
  path: Assets/Prefabs/PieceBox.prefab
  artifactKey: Guid(c93f08d855e38c24a870f77ebfb9c76f) Importer(815301076,1909f56bfc062723c751e8b465ee728b)
Start importing Assets/Prefabs/PieceBox.prefab using Guid(c93f08d855e38c24a870f77ebfb9c76f) Importer(815301076,1909f56bfc062723c751e8b465ee728b)  -> (artifact id: 'e33b8435e0b73233f750d12c59036451') in 0.014358 seconds
  Import took 0.018521 seconds .

========================================================================
Received Import Request.
  Time since last request: 2.643601 seconds.
  path: Assets/Prefabs/PieceBox.prefab
  artifactKey: Guid(c93f08d855e38c24a870f77ebfb9c76f) Importer(815301076,1909f56bfc062723c751e8b465ee728b)
Start importing Assets/Prefabs/PieceBox.prefab using Guid(c93f08d855e38c24a870f77ebfb9c76f) Importer(815301076,1909f56bfc062723c751e8b465ee728b)  -> (artifact id: '3ff29633fea2fb073d0dd897e0364d0c') in 0.015104 seconds
  Import took 0.019206 seconds .

========================================================================
Received Prepare
Registering precompiled user dll's ...
Registered in 0.005543 seconds.
Begin MonoManager ReloadAssembly
Native extension for WindowsStandalone target not found
Native extension for WebGL target not found
Refreshing native plugins compatible for Editor in 0.46 ms, found 3 plugins.
Preloading 0 native plugins for Editor in 0.00 ms.
Mono: successfully reloaded assembly
- Completed reload, in  1.054 seconds
Platform modules already initialized, skipping
Refreshing native plugins compatible for Editor in 0.46 ms, found 3 plugins.
Preloading 0 native plugins for Editor in 0.00 ms.
Unloading 2374 Unused Serialized files (Serialized files now loaded: 0)
System memory in use before: 107.7 MB.
System memory in use after: 107.7 MB.

Unloading 21 unused Assets to reduce memory usage. Loaded Objects now: 2888.
Total: 2.556800 ms (FindLiveObjects: 0.216800 ms CreateObjectMapping: 0.107800 ms MarkObjects: 1.968200 ms  DeleteObjects: 0.263200 ms)

========================================================================
Received Import Request.
  Time since last request: 165.900648 seconds.
  path: Assets/Prefabs/PieceRightL.prefab
  artifactKey: Guid(bb8a8589bf05de34b9df696d1198ce26) Importer(815301076,1909f56bfc062723c751e8b465ee728b)
Start importing Assets/Prefabs/PieceRightL.prefab using Guid(bb8a8589bf05de34b9df696d1198ce26) Importer(815301076,1909f56bfc062723c751e8b465ee728b)  -> (artifact id: '43065815e181883cb8cf220efbe98b12') in 0.071491 seconds
  Import took 0.076320 seconds .

========================================================================
Received Import Request.
  Time since last request: 38.041934 seconds.
  path: Assets/Prefabs/PieceRightL.prefab
  artifactKey: Guid(bb8a8589bf05de34b9df696d1198ce26) Importer(815301076,1909f56bfc062723c751e8b465ee728b)
Start importing Assets/Prefabs/PieceRightL.prefab using Guid(bb8a8589bf05de34b9df696d1198ce26) Importer(815301076,1909f56bfc062723c751e8b465ee728b)  -> (artifact id: 'b64264ee965a84f58e14148d17e467c1') in 0.014140 seconds
  Import took 0.019560 seconds .

========================================================================
Received Import Request.
  Time since last request: 27.148340 seconds.
  path: Assets/Prefabs/PieceRightL.prefab
  artifactKey: Guid(bb8a8589bf05de34b9df696d1198ce26) Importer(815301076,1909f56bfc062723c751e8b465ee728b)
Start importing Assets/Prefabs/PieceRightL.prefab using Guid(bb8a8589bf05de34b9df696d1198ce26) Importer(815301076,1909f56bfc062723c751e8b465ee728b)  -> (artifact id: '80bfd266b08267239d92b07327a25564') in 0.014295 seconds
  Import took 0.018986 seconds .

========================================================================
Received Import Request.
  Time since last request: 33.466529 seconds.
  path: Assets/Prefabs/PieceRightL.prefab
  artifactKey: Guid(bb8a8589bf05de34b9df696d1198ce26) Importer(815301076,1909f56bfc062723c751e8b465ee728b)
Start importing Assets/Prefabs/PieceRightL.prefab using Guid(bb8a8589bf05de34b9df696d1198ce26) Importer(815301076,1909f56bfc062723c751e8b465ee728b)  -> (artifact id: '4decbae8f0a8a9edef7d40e7ec287e0e') in 0.012608 seconds
  Import took 0.016351 seconds .

========================================================================
Received Import Request.
  Time since last request: 10.460689 seconds.
  path: Assets/Prefabs/PieceRightL.prefab
  artifactKey: Guid(bb8a8589bf05de34b9df696d1198ce26) Importer(815301076,1909f56bfc062723c751e8b465ee728b)
Start importing Assets/Prefabs/PieceRightL.prefab using Guid(bb8a8589bf05de34b9df696d1198ce26) Importer(815301076,1909f56bfc062723c751e8b465ee728b)  -> (artifact id: '2fd2ae5a011ead648d2772077018ef05') in 0.012616 seconds
  Import took 0.020789 seconds .

========================================================================
Received Import Request.
  Time since last request: 25.795926 seconds.
  path: Assets/Prefabs/PieceRightL.prefab
  artifactKey: Guid(bb8a8589bf05de34b9df696d1198ce26) Importer(815301076,1909f56bfc062723c751e8b465ee728b)
Start importing Assets/Prefabs/PieceRightL.prefab using Guid(bb8a8589bf05de34b9df696d1198ce26) Importer(815301076,1909f56bfc062723c751e8b465ee728b)  -> (artifact id: '2606d9cb182dd48fe888cfe1680f4900') in 0.015608 seconds
  Import took 0.020680 seconds .

========================================================================
Received Import Request.
  Time since last request: 6.431015 seconds.
  path: Assets/Prefabs/PieceRightL.prefab
  artifactKey: Guid(bb8a8589bf05de34b9df696d1198ce26) Importer(815301076,1909f56bfc062723c751e8b465ee728b)
Start importing Assets/Prefabs/PieceRightL.prefab using Guid(bb8a8589bf05de34b9df696d1198ce26) Importer(815301076,1909f56bfc062723c751e8b465ee728b)  -> (artifact id: '1480ddcc921ac15d0ca4e6d97cb73e23') in 0.010657 seconds
  Import took 0.015959 seconds .

========================================================================
Received Import Request.
  Time since last request: 6.439838 seconds.
  path: Assets/Prefabs/PieceRightL.prefab
  artifactKey: Guid(bb8a8589bf05de34b9df696d1198ce26) Importer(815301076,1909f56bfc062723c751e8b465ee728b)
Start importing Assets/Prefabs/PieceRightL.prefab using Guid(bb8a8589bf05de34b9df696d1198ce26) Importer(815301076,1909f56bfc062723c751e8b465ee728b)  -> (artifact id: '9fb60cf5aee99b830d6198b9f3293b98') in 0.010852 seconds
  Import took 0.016037 seconds .

========================================================================
Received Import Request.
  Time since last request: 6.029088 seconds.
  path: Assets/Prefabs/PieceRightL.prefab
  artifactKey: Guid(bb8a8589bf05de34b9df696d1198ce26) Importer(815301076,1909f56bfc062723c751e8b465ee728b)
Start importing Assets/Prefabs/PieceRightL.prefab using Guid(bb8a8589bf05de34b9df696d1198ce26) Importer(815301076,1909f56bfc062723c751e8b465ee728b)  -> (artifact id: '9ce815033509b20bbfc6f927647c4354') in 0.020048 seconds
  Import took 0.024191 seconds .

========================================================================
Received Prepare
Registering precompiled user dll's ...
Registered in 0.024984 seconds.
Begin MonoManager ReloadAssembly
Native extension for WindowsStandalone target not found
Native extension for WebGL target not found
Refreshing native plugins compatible for Editor in 0.46 ms, found 3 plugins.
Preloading 0 native plugins for Editor in 0.00 ms.
Mono: successfully reloaded assembly
- Completed reload, in  1.149 seconds
Platform modules already initialized, skipping
Refreshing native plugins compatible for Editor in 0.51 ms, found 3 plugins.
Preloading 0 native plugins for Editor in 0.00 ms.
Unloading 2374 Unused Serialized files (Serialized files now loaded: 0)
System memory in use before: 107.7 MB.
System memory in use after: 107.8 MB.

Unloading 21 unused Assets to reduce memory usage. Loaded Objects now: 2893.
Total: 4.751900 ms (FindLiveObjects: 0.402300 ms CreateObjectMapping: 0.149300 ms MarkObjects: 4.005400 ms  DeleteObjects: 0.193400 ms)

========================================================================
Received Prepare
Registering precompiled user dll's ...
Registered in 0.005202 seconds.
Begin MonoManager ReloadAssembly
Native extension for WindowsStandalone target not found
Native extension for WebGL target not found
Refreshing native plugins compatible for Editor in 0.55 ms, found 3 plugins.
Preloading 0 native plugins for Editor in 0.00 ms.
Mono: successfully reloaded assembly
- Completed reload, in  1.061 seconds
Platform modules already initialized, skipping
Refreshing native plugins compatible for Editor in 0.48 ms, found 3 plugins.
Preloading 0 native plugins for Editor in 0.00 ms.
Unloading 2374 Unused Serialized files (Serialized files now loaded: 0)
System memory in use before: 107.6 MB.
System memory in use after: 107.7 MB.

Unloading 21 unused Assets to reduce memory usage. Loaded Objects now: 2897.
Total: 2.957200 ms (FindLiveObjects: 0.228900 ms CreateObjectMapping: 0.101300 ms MarkObjects: 2.511500 ms  DeleteObjects: 0.114100 ms)

========================================================================
Received Prepare
Registering precompiled user dll's ...
Registered in 0.006729 seconds.
Begin MonoManager ReloadAssembly
Native extension for WindowsStandalone target not found
Native extension for WebGL target not found
Refreshing native plugins compatible for Editor in 0.47 ms, found 3 plugins.
Preloading 0 native plugins for Editor in 0.00 ms.
Mono: successfully reloaded assembly
- Completed reload, in  1.050 seconds
Platform modules already initialized, skipping
Refreshing native plugins compatible for Editor in 0.49 ms, found 3 plugins.
Preloading 0 native plugins for Editor in 0.00 ms.
Unloading 2374 Unused Serialized files (Serialized files now loaded: 0)
System memory in use before: 107.7 MB.
System memory in use after: 107.8 MB.

Unloading 21 unused Assets to reduce memory usage. Loaded Objects now: 2901.
Total: 2.350200 ms (FindLiveObjects: 0.224500 ms CreateObjectMapping: 0.103800 ms MarkObjects: 1.918900 ms  DeleteObjects: 0.102200 ms)

========================================================================
Received Prepare
Registering precompiled user dll's ...
Registered in 0.005870 seconds.
Begin MonoManager ReloadAssembly
Native extension for WindowsStandalone target not found
Native extension for WebGL target not found
Refreshing native plugins compatible for Editor in 0.60 ms, found 3 plugins.
Preloading 0 native plugins for Editor in 0.00 ms.
Mono: successfully reloaded assembly
- Completed reload, in  1.078 seconds
Platform modules already initialized, skipping
Refreshing native plugins compatible for Editor in 0.47 ms, found 3 plugins.
Preloading 0 native plugins for Editor in 0.00 ms.
Unloading 2374 Unused Serialized files (Serialized files now loaded: 0)
System memory in use before: 107.7 MB.
System memory in use after: 107.8 MB.

Unloading 21 unused Assets to reduce memory usage. Loaded Objects now: 2905.
Total: 2.826400 ms (FindLiveObjects: 0.231200 ms CreateObjectMapping: 0.088800 ms MarkObjects: 2.400000 ms  DeleteObjects: 0.105600 ms)

========================================================================
Received Prepare
Registering precompiled user dll's ...
Registered in 0.017507 seconds.
Begin MonoManager ReloadAssembly
Native extension for WindowsStandalone target not found
Native extension for WebGL target not found
Refreshing native plugins compatible for Editor in 0.46 ms, found 3 plugins.
Preloading 0 native plugins for Editor in 0.00 ms.
Mono: successfully reloaded assembly
- Completed reload, in  1.123 seconds
Platform modules already initialized, skipping
Refreshing native plugins compatible for Editor in 0.46 ms, found 3 plugins.
Preloading 0 native plugins for Editor in 0.00 ms.
Unloading 2374 Unused Serialized files (Serialized files now loaded: 0)
System memory in use before: 107.8 MB.
System memory in use after: 107.8 MB.

Unloading 21 unused Assets to reduce memory usage. Loaded Objects now: 2909.
Total: 2.416400 ms (FindLiveObjects: 0.230500 ms CreateObjectMapping: 0.080400 ms MarkObjects: 2.002500 ms  DeleteObjects: 0.102100 ms)

========================================================================
Received Prepare
Registering precompiled user dll's ...
Registered in 0.012001 seconds.
Begin MonoManager ReloadAssembly
Native extension for WindowsStandalone target not found
Native extension for WebGL target not found
Refreshing native plugins compatible for Editor in 0.45 ms, found 3 plugins.
Preloading 0 native plugins for Editor in 0.00 ms.
Mono: successfully reloaded assembly
- Completed reload, in  1.054 seconds
Platform modules already initialized, skipping
Refreshing native plugins compatible for Editor in 2.73 ms, found 3 plugins.
Preloading 0 native plugins for Editor in 0.00 ms.
Unloading 2374 Unused Serialized files (Serialized files now loaded: 0)
System memory in use before: 107.8 MB.
System memory in use after: 107.8 MB.

Unloading 21 unused Assets to reduce memory usage. Loaded Objects now: 2913.
Total: 5.132900 ms (FindLiveObjects: 0.291100 ms CreateObjectMapping: 0.112700 ms MarkObjects: 4.612200 ms  DeleteObjects: 0.115000 ms)

========================================================================
Received Prepare
Registering precompiled user dll's ...
Registered in 0.005183 seconds.
Begin MonoManager ReloadAssembly
Native extension for WindowsStandalone target not found
Native extension for WebGL target not found
Refreshing native plugins compatible for Editor in 0.53 ms, found 3 plugins.
Preloading 0 native plugins for Editor in 0.00 ms.
Mono: successfully reloaded assembly
- Completed reload, in  1.101 seconds
Platform modules already initialized, skipping
Refreshing native plugins compatible for Editor in 0.87 ms, found 3 plugins.
Preloading 0 native plugins for Editor in 0.00 ms.
Unloading 2374 Unused Serialized files (Serialized files now loaded: 0)
System memory in use before: 107.7 MB.
System memory in use after: 107.8 MB.

Unloading 21 unused Assets to reduce memory usage. Loaded Objects now: 2917.
Total: 6.463100 ms (FindLiveObjects: 0.608200 ms CreateObjectMapping: 0.339600 ms MarkObjects: 5.294800 ms  DeleteObjects: 0.216900 ms)

========================================================================
Received Prepare
Registering precompiled user dll's ...
Registered in 0.005387 seconds.
Begin MonoManager ReloadAssembly
Native extension for WindowsStandalone target not found
Native extension for WebGL target not found
Refreshing native plugins compatible for Editor in 0.51 ms, found 3 plugins.
Preloading 0 native plugins for Editor in 0.00 ms.
Mono: successfully reloaded assembly
- Completed reload, in  1.043 seconds
Platform modules already initialized, skipping
Refreshing native plugins compatible for Editor in 0.46 ms, found 3 plugins.
Preloading 0 native plugins for Editor in 0.00 ms.
Unloading 2374 Unused Serialized files (Serialized files now loaded: 0)
System memory in use before: 107.8 MB.
System memory in use after: 107.9 MB.

Unloading 21 unused Assets to reduce memory usage. Loaded Objects now: 2921.
Total: 2.476900 ms (FindLiveObjects: 0.241200 ms CreateObjectMapping: 0.082600 ms MarkObjects: 2.050000 ms  DeleteObjects: 0.102100 ms)

========================================================================
Received Prepare
Registering precompiled user dll's ...
Registered in 0.021912 seconds.
Begin MonoManager ReloadAssembly
Native extension for WindowsStandalone target not found
Native extension for WebGL target not found
Refreshing native plugins compatible for Editor in 0.48 ms, found 3 plugins.
Preloading 0 native plugins for Editor in 0.00 ms.
Mono: successfully reloaded assembly
- Completed reload, in  1.102 seconds
Platform modules already initialized, skipping
Refreshing native plugins compatible for Editor in 0.48 ms, found 3 plugins.
Preloading 0 native plugins for Editor in 0.00 ms.
Unloading 2374 Unused Serialized files (Serialized files now loaded: 0)
System memory in use before: 107.8 MB.
System memory in use after: 107.9 MB.

Unloading 21 unused Assets to reduce memory usage. Loaded Objects now: 2925.
Total: 3.011600 ms (FindLiveObjects: 0.240000 ms CreateObjectMapping: 0.092000 ms MarkObjects: 2.562900 ms  DeleteObjects: 0.115600 ms)

========================================================================
Received Import Request.
  Time since last request: 8487.044826 seconds.
  path: Assets/Scripts/PlayerController.cs
  artifactKey: Guid(ca0ba0461671235488c34f0c37471f93) Importer(815301076,1909f56bfc062723c751e8b465ee728b)
Start importing Assets/Scripts/PlayerController.cs using Guid(ca0ba0461671235488c34f0c37471f93) Importer(815301076,1909f56bfc062723c751e8b465ee728b)  -> (artifact id: '4d92fb2fa8d72b1717d364b2a0bcb9ad') in 0.012248 seconds
  Import took 0.019929 seconds .

========================================================================
Received Import Request.
  Time since last request: 0.003227 seconds.
  path: Assets/Scripts/PlayerController.cs
  artifactKey: Guid(ca0ba0461671235488c34f0c37471f93) Importer(815301076,1909f56bfc062723c751e8b465ee728b)
Start importing Assets/Scripts/PlayerController.cs using Guid(ca0ba0461671235488c34f0c37471f93) Importer(815301076,1909f56bfc062723c751e8b465ee728b)  -> (artifact id: '4d92fb2fa8d72b1717d364b2a0bcb9ad') in 0.004908 seconds
  Import took 0.012213 seconds .

========================================================================
Received Prepare
Registering precompiled user dll's ...
Registered in 0.005015 seconds.
Begin MonoManager ReloadAssembly
Native extension for WindowsStandalone target not found
Native extension for WebGL target not found
Refreshing native plugins compatible for Editor in 0.48 ms, found 3 plugins.
Preloading 0 native plugins for Editor in 0.00 ms.
Mono: successfully reloaded assembly
- Completed reload, in  1.164 seconds
Platform modules already initialized, skipping
Refreshing native plugins compatible for Editor in 1.27 ms, found 3 plugins.
Preloading 0 native plugins for Editor in 0.00 ms.
Unloading 2375 Unused Serialized files (Serialized files now loaded: 0)
System memory in use before: 107.9 MB.
System memory in use after: 108.0 MB.

Unloading 21 unused Assets to reduce memory usage. Loaded Objects now: 2930.
Total: 3.158200 ms (FindLiveObjects: 0.362000 ms CreateObjectMapping: 0.134600 ms MarkObjects: 2.534700 ms  DeleteObjects: 0.125700 ms)

========================================================================
Received Prepare
Registering precompiled user dll's ...
Registered in 0.013342 seconds.
Begin MonoManager ReloadAssembly
Native extension for WindowsStandalone target not found
Native extension for WebGL target not found
Refreshing native plugins compatible for Editor in 0.64 ms, found 3 plugins.
Preloading 0 native plugins for Editor in 0.00 ms.
Mono: successfully reloaded assembly
- Completed reload, in  1.218 seconds
Platform modules already initialized, skipping
Refreshing native plugins compatible for Editor in 0.45 ms, found 3 plugins.
Preloading 0 native plugins for Editor in 0.00 ms.
Unloading 2375 Unused Serialized files (Serialized files now loaded: 0)
System memory in use before: 107.9 MB.
System memory in use after: 108.0 MB.

Unloading 21 unused Assets to reduce memory usage. Loaded Objects now: 2934.
Total: 2.733800 ms (FindLiveObjects: 0.247800 ms CreateObjectMapping: 0.099400 ms MarkObjects: 2.269200 ms  DeleteObjects: 0.116600 ms)

========================================================================
Received Import Request.
  Time since last request: 2990.348062 seconds.
  path: Assets/Prefabs/PieceBox.prefab
  artifactKey: Guid(c93f08d855e38c24a870f77ebfb9c76f) Importer(815301076,1909f56bfc062723c751e8b465ee728b)
Start importing Assets/Prefabs/PieceBox.prefab using Guid(c93f08d855e38c24a870f77ebfb9c76f) Importer(815301076,1909f56bfc062723c751e8b465ee728b)  -> (artifact id: 'e7f65c20f28d4b102ee59a2ebf03bd9d') in 0.193063 seconds
  Import took 0.198241 seconds .

========================================================================
Received Import Request.
  Time since last request: 6.408351 seconds.
  path: Assets/Prefabs/PieceBox.prefab
  artifactKey: Guid(c93f08d855e38c24a870f77ebfb9c76f) Importer(815301076,1909f56bfc062723c751e8b465ee728b)
Start importing Assets/Prefabs/PieceBox.prefab using Guid(c93f08d855e38c24a870f77ebfb9c76f) Importer(815301076,1909f56bfc062723c751e8b465ee728b)  -> (artifact id: '6224adf5c07dcbe27eda75f45ee8121a') in 0.016806 seconds
  Import took 0.021481 seconds .

========================================================================
Received Import Request.
  Time since last request: 19.745564 seconds.
  path: Assets/Prefabs/PieceRightL.prefab
  artifactKey: Guid(bb8a8589bf05de34b9df696d1198ce26) Importer(815301076,1909f56bfc062723c751e8b465ee728b)
Start importing Assets/Prefabs/PieceRightL.prefab using Guid(bb8a8589bf05de34b9df696d1198ce26) Importer(815301076,1909f56bfc062723c751e8b465ee728b)  -> (artifact id: 'e8bf55bdb48cc7eeaad1af213a4278ad') in 0.023164 seconds
  Import took 0.027320 seconds .

========================================================================
Received Import Request.
  Time since last request: 442.594954 seconds.
  path: Assets/Scripts/IntGrid.cs
  artifactKey: Guid(8ebacdea19f75b942b8cd68222a8b0f0) Importer(815301076,1909f56bfc062723c751e8b465ee728b)
Start importing Assets/Scripts/IntGrid.cs using Guid(8ebacdea19f75b942b8cd68222a8b0f0) Importer(815301076,1909f56bfc062723c751e8b465ee728b)  -> (artifact id: 'd1f12d4e0ba0acce54ca56b5e2296da7') in 0.007815 seconds
  Import took 0.013541 seconds .

========================================================================
Received Import Request.
  Time since last request: 0.010855 seconds.
  path: Assets/Scripts/IntGrid.cs
  artifactKey: Guid(8ebacdea19f75b942b8cd68222a8b0f0) Importer(815301076,1909f56bfc062723c751e8b465ee728b)
Start importing Assets/Scripts/IntGrid.cs using Guid(8ebacdea19f75b942b8cd68222a8b0f0) Importer(815301076,1909f56bfc062723c751e8b465ee728b)  -> (artifact id: 'd1f12d4e0ba0acce54ca56b5e2296da7') in 0.005903 seconds
  Import took 0.010560 seconds .

========================================================================
Received Prepare
Registering precompiled user dll's ...
Registered in 0.015925 seconds.
Begin MonoManager ReloadAssembly
Native extension for WindowsStandalone target not found
Native extension for WebGL target not found
Refreshing native plugins compatible for Editor in 0.48 ms, found 3 plugins.
Preloading 0 native plugins for Editor in 0.00 ms.
Mono: successfully reloaded assembly
- Completed reload, in  1.420 seconds
Platform modules already initialized, skipping
Refreshing native plugins compatible for Editor in 0.46 ms, found 3 plugins.
Preloading 0 native plugins for Editor in 0.00 ms.
Unloading 2376 Unused Serialized files (Serialized files now loaded: 0)
System memory in use before: 107.8 MB.
System memory in use after: 107.9 MB.

Unloading 21 unused Assets to reduce memory usage. Loaded Objects now: 2940.
Total: 7.974500 ms (FindLiveObjects: 0.668100 ms CreateObjectMapping: 0.102500 ms MarkObjects: 6.673700 ms  DeleteObjects: 0.528700 ms)

========================================================================
Received Prepare
Registering precompiled user dll's ...
Registered in 0.012966 seconds.
Begin MonoManager ReloadAssembly
Native extension for WindowsStandalone target not found
Native extension for WebGL target not found
Refreshing native plugins compatible for Editor in 0.58 ms, found 3 plugins.
Preloading 0 native plugins for Editor in 0.00 ms.
Mono: successfully reloaded assembly
- Completed reload, in  1.149 seconds
Platform modules already initialized, skipping
Refreshing native plugins compatible for Editor in 0.50 ms, found 3 plugins.
Preloading 0 native plugins for Editor in 0.00 ms.
Unloading 2376 Unused Serialized files (Serialized files now loaded: 0)
System memory in use before: 107.9 MB.
System memory in use after: 108.0 MB.

Unloading 21 unused Assets to reduce memory usage. Loaded Objects now: 2944.
Total: 2.481400 ms (FindLiveObjects: 0.243500 ms CreateObjectMapping: 0.105700 ms MarkObjects: 2.021000 ms  DeleteObjects: 0.110200 ms)

========================================================================
Received Import Request.
  Time since last request: 772.404368 seconds.
  path: Assets/Scripts/IntGrid.cs
  artifactKey: Guid(8ebacdea19f75b942b8cd68222a8b0f0) Importer(815301076,1909f56bfc062723c751e8b465ee728b)
Start importing Assets/Scripts/IntGrid.cs using Guid(8ebacdea19f75b942b8cd68222a8b0f0) Importer(815301076,1909f56bfc062723c751e8b465ee728b)  -> (artifact id: 'ad2e4cc977377394c42c78371250db50') in 0.008072 seconds
  Import took 0.012895 seconds .

========================================================================
Received Prepare
Registering precompiled user dll's ...
Registered in 0.005579 seconds.
Begin MonoManager ReloadAssembly
Native extension for WindowsStandalone target not found
Native extension for WebGL target not found
Refreshing native plugins compatible for Editor in 0.46 ms, found 3 plugins.
Preloading 0 native plugins for Editor in 0.00 ms.
Mono: successfully reloaded assembly
- Completed reload, in  1.106 seconds
Platform modules already initialized, skipping
Refreshing native plugins compatible for Editor in 0.80 ms, found 3 plugins.
Preloading 0 native plugins for Editor in 0.00 ms.
Unloading 2376 Unused Serialized files (Serialized files now loaded: 0)
System memory in use before: 107.9 MB.
System memory in use after: 108.0 MB.

Unloading 21 unused Assets to reduce memory usage. Loaded Objects now: 2948.
Total: 2.432700 ms (FindLiveObjects: 0.252500 ms CreateObjectMapping: 0.099300 ms MarkObjects: 1.982100 ms  DeleteObjects: 0.097900 ms)

========================================================================
Received Prepare
Registering precompiled user dll's ...
Registered in 0.011557 seconds.
Begin MonoManager ReloadAssembly
Native extension for WindowsStandalone target not found
Native extension for WebGL target not found
Refreshing native plugins compatible for Editor in 0.66 ms, found 3 plugins.
Preloading 0 native plugins for Editor in 0.00 ms.
Mono: successfully reloaded assembly
- Completed reload, in  1.564 seconds
Platform modules already initialized, skipping
Refreshing native plugins compatible for Editor in 1.18 ms, found 3 plugins.
Preloading 0 native plugins for Editor in 0.00 ms.
Unloading 2376 Unused Serialized files (Serialized files now loaded: 0)
System memory in use before: 108.0 MB.
System memory in use after: 108.0 MB.

Unloading 21 unused Assets to reduce memory usage. Loaded Objects now: 2952.
Total: 3.187300 ms (FindLiveObjects: 0.275000 ms CreateObjectMapping: 0.113300 ms MarkObjects: 2.626200 ms  DeleteObjects: 0.171900 ms)

========================================================================
Received Import Request.
  Time since last request: 1133.654655 seconds.
  path: Assets/Scripts/PieceSO.cs
  artifactKey: Guid(4059b352f2e45c64daee48cf583cc6e1) Importer(815301076,1909f56bfc062723c751e8b465ee728b)
Start importing Assets/Scripts/PieceSO.cs using Guid(4059b352f2e45c64daee48cf583cc6e1) Importer(815301076,1909f56bfc062723c751e8b465ee728b)  -> (artifact id: 'de652c1fc3f669d968145a23d75a3f1d') in 0.009331 seconds
  Import took 0.013917 seconds .

========================================================================
Received Import Request.
  Time since last request: 0.055790 seconds.
  path: Assets/Scripts/PieceSO.cs
  artifactKey: Guid(4059b352f2e45c64daee48cf583cc6e1) Importer(815301076,1909f56bfc062723c751e8b465ee728b)
Start importing Assets/Scripts/PieceSO.cs using Guid(4059b352f2e45c64daee48cf583cc6e1) Importer(815301076,1909f56bfc062723c751e8b465ee728b)  -> (artifact id: 'de652c1fc3f669d968145a23d75a3f1d') in 0.006473 seconds
  Import took 0.011494 seconds .

========================================================================
Received Prepare
Registering precompiled user dll's ...
Registered in 0.132160 seconds.
Begin MonoManager ReloadAssembly
Native extension for WindowsStandalone target not found
Native extension for WebGL target not found
Refreshing native plugins compatible for Editor in 0.46 ms, found 3 plugins.
Preloading 0 native plugins for Editor in 0.00 ms.
Mono: successfully reloaded assembly
- Completed reload, in  1.203 seconds
Platform modules already initialized, skipping
Refreshing native plugins compatible for Editor in 0.47 ms, found 3 plugins.
Preloading 0 native plugins for Editor in 0.00 ms.
Unloading 2377 Unused Serialized files (Serialized files now loaded: 0)
System memory in use before: 108.0 MB.
System memory in use after: 108.1 MB.

Unloading 21 unused Assets to reduce memory usage. Loaded Objects now: 2957.
Total: 2.804500 ms (FindLiveObjects: 0.260900 ms CreateObjectMapping: 0.107900 ms MarkObjects: 2.328400 ms  DeleteObjects: 0.106100 ms)

========================================================================
Received Prepare
Registering precompiled user dll's ...
Registered in 0.013462 seconds.
Begin MonoManager ReloadAssembly
Native extension for WindowsStandalone target not found
Native extension for WebGL target not found
Refreshing native plugins compatible for Editor in 0.51 ms, found 3 plugins.
Preloading 0 native plugins for Editor in 0.00 ms.
Mono: successfully reloaded assembly
- Completed reload, in  1.106 seconds
Platform modules already initialized, skipping
Refreshing native plugins compatible for Editor in 0.46 ms, found 3 plugins.
Preloading 0 native plugins for Editor in 0.00 ms.
Unloading 2377 Unused Serialized files (Serialized files now loaded: 0)
System memory in use before: 107.9 MB.
System memory in use after: 108.0 MB.

Unloading 21 unused Assets to reduce memory usage. Loaded Objects now: 2961.
Total: 2.760100 ms (FindLiveObjects: 0.300000 ms CreateObjectMapping: 0.132500 ms MarkObjects: 2.212900 ms  DeleteObjects: 0.114000 ms)

========================================================================
Received Import Request.
  Time since last request: 215.410887 seconds.
  path: Assets/NewBehaviourScript.cs
  artifactKey: Guid(462f99376e69c604dbda9749afc7b328) Importer(815301076,1909f56bfc062723c751e8b465ee728b)
Start importing Assets/NewBehaviourScript.cs using Guid(462f99376e69c604dbda9749afc7b328) Importer(815301076,1909f56bfc062723c751e8b465ee728b)  -> (artifact id: '424717759ac20bda5ef16cab55e62b4d') in 0.009836 seconds
  Import took 0.014518 seconds .

========================================================================
Received Prepare
Registering precompiled user dll's ...
Registered in 0.006809 seconds.
Begin MonoManager ReloadAssembly
Native extension for WindowsStandalone target not found
Native extension for WebGL target not found
Refreshing native plugins compatible for Editor in 0.57 ms, found 3 plugins.
Preloading 0 native plugins for Editor in 0.00 ms.
Mono: successfully reloaded assembly
- Completed reload, in  1.087 seconds
Platform modules already initialized, skipping
Refreshing native plugins compatible for Editor in 0.47 ms, found 3 plugins.
Preloading 0 native plugins for Editor in 0.00 ms.
Unloading 2378 Unused Serialized files (Serialized files now loaded: 0)
System memory in use before: 108.0 MB.
System memory in use after: 108.1 MB.

Unloading 21 unused Assets to reduce memory usage. Loaded Objects now: 2966.
Total: 3.701400 ms (FindLiveObjects: 0.797900 ms CreateObjectMapping: 0.349400 ms MarkObjects: 2.337600 ms  DeleteObjects: 0.207800 ms)

========================================================================
Received Prepare
Registering precompiled user dll's ...
Registered in 0.006958 seconds.
Begin MonoManager ReloadAssembly
Native extension for WindowsStandalone target not found
Native extension for WebGL target not found
Refreshing native plugins compatible for Editor in 0.46 ms, found 3 plugins.
Preloading 0 native plugins for Editor in 0.00 ms.
Mono: successfully reloaded assembly
- Completed reload, in  1.101 seconds
Platform modules already initialized, skipping
Refreshing native plugins compatible for Editor in 0.46 ms, found 3 plugins.
Preloading 0 native plugins for Editor in 0.00 ms.
Unloading 2377 Unused Serialized files (Serialized files now loaded: 0)
System memory in use before: 108.0 MB.
System memory in use after: 108.1 MB.

Unloading 22 unused Assets to reduce memory usage. Loaded Objects now: 2969.
Total: 2.430600 ms (FindLiveObjects: 0.246700 ms CreateObjectMapping: 0.112600 ms MarkObjects: 1.967400 ms  DeleteObjects: 0.102500 ms)

========================================================================
Received Import Request.
  Time since last request: 27.090306 seconds.
  path: Assets/PiecesSO
  artifactKey: Guid(d098fd91f65682c4d97dd6fa32b8fa35) Importer(815301076,1909f56bfc062723c751e8b465ee728b)
Start importing Assets/PiecesSO using Guid(d098fd91f65682c4d97dd6fa32b8fa35) Importer(815301076,1909f56bfc062723c751e8b465ee728b)  -> (artifact id: 'dcb6f29595d711f9e826d3b3a2a64350') in 0.009656 seconds
  Import took 0.014182 seconds .

========================================================================
Received Import Request.
  Time since last request: 10.717556 seconds.
  path: Assets/PiecesSO/New Piece SO.asset
  artifactKey: Guid(354ed8fbdcb161b43ba4bc3837a179e9) Importer(815301076,1909f56bfc062723c751e8b465ee728b)
Start importing Assets/PiecesSO/New Piece SO.asset using Guid(354ed8fbdcb161b43ba4bc3837a179e9) Importer(815301076,1909f56bfc062723c751e8b465ee728b)  -> (artifact id: '1d5b5a4929ee9e585350ca0261b0a3a1') in 0.065697 seconds
  Import took 0.069890 seconds .

========================================================================
Received Prepare
Registering precompiled user dll's ...
Registered in 0.012576 seconds.
Begin MonoManager ReloadAssembly
Native extension for WindowsStandalone target not found
Native extension for WebGL target not found
Refreshing native plugins compatible for Editor in 0.53 ms, found 3 plugins.
Preloading 0 native plugins for Editor in 0.00 ms.
Mono: successfully reloaded assembly
- Completed reload, in  1.147 seconds
Platform modules already initialized, skipping
Refreshing native plugins compatible for Editor in 0.49 ms, found 3 plugins.
Preloading 0 native plugins for Editor in 0.00 ms.
Unloading 2377 Unused Serialized files (Serialized files now loaded: 0)
System memory in use before: 108.0 MB.
System memory in use after: 108.1 MB.

Unloading 21 unused Assets to reduce memory usage. Loaded Objects now: 2973.
Total: 2.685200 ms (FindLiveObjects: 0.246900 ms CreateObjectMapping: 0.119300 ms MarkObjects: 2.213700 ms  DeleteObjects: 0.104400 ms)

========================================================================
Received Prepare
Registering precompiled user dll's ...
Registered in 0.005099 seconds.
Begin MonoManager ReloadAssembly
Native extension for WindowsStandalone target not found
Native extension for WebGL target not found
Refreshing native plugins compatible for Editor in 0.47 ms, found 3 plugins.
Preloading 0 native plugins for Editor in 0.00 ms.
Mono: successfully reloaded assembly
- Completed reload, in  1.062 seconds
Platform modules already initialized, skipping
Refreshing native plugins compatible for Editor in 0.47 ms, found 3 plugins.
Preloading 0 native plugins for Editor in 0.00 ms.
Unloading 2377 Unused Serialized files (Serialized files now loaded: 0)
System memory in use before: 108.0 MB.
System memory in use after: 108.1 MB.

Unloading 21 unused Assets to reduce memory usage. Loaded Objects now: 2977.
Total: 2.640600 ms (FindLiveObjects: 0.270000 ms CreateObjectMapping: 0.119500 ms MarkObjects: 2.149200 ms  DeleteObjects: 0.100600 ms)

========================================================================
Received Prepare
Registering precompiled user dll's ...
Registered in 0.005517 seconds.
Begin MonoManager ReloadAssembly
Native extension for WindowsStandalone target not found
Native extension for WebGL target not found
Refreshing native plugins compatible for Editor in 0.48 ms, found 3 plugins.
Preloading 0 native plugins for Editor in 0.00 ms.
Mono: successfully reloaded assembly
- Completed reload, in  1.058 seconds
Platform modules already initialized, skipping
Refreshing native plugins compatible for Editor in 0.49 ms, found 3 plugins.
Preloading 0 native plugins for Editor in 0.00 ms.
Unloading 2377 Unused Serialized files (Serialized files now loaded: 0)
System memory in use before: 108.0 MB.
System memory in use after: 108.0 MB.

Unloading 21 unused Assets to reduce memory usage. Loaded Objects now: 2981.
Total: 2.747300 ms (FindLiveObjects: 0.269900 ms CreateObjectMapping: 0.105200 ms MarkObjects: 2.262000 ms  DeleteObjects: 0.109200 ms)

========================================================================
Received Prepare
Registering precompiled user dll's ...
Registered in 0.005646 seconds.
Begin MonoManager ReloadAssembly
Native extension for WindowsStandalone target not found
Native extension for WebGL target not found
Refreshing native plugins compatible for Editor in 0.46 ms, found 3 plugins.
Preloading 0 native plugins for Editor in 0.00 ms.
Mono: successfully reloaded assembly
- Completed reload, in  1.073 seconds
Platform modules already initialized, skipping
Refreshing native plugins compatible for Editor in 0.46 ms, found 3 plugins.
Preloading 0 native plugins for Editor in 0.00 ms.
Unloading 2377 Unused Serialized files (Serialized files now loaded: 0)
System memory in use before: 108.1 MB.
System memory in use after: 108.1 MB.

Unloading 21 unused Assets to reduce memory usage. Loaded Objects now: 2985.
Total: 2.541400 ms (FindLiveObjects: 0.240100 ms CreateObjectMapping: 0.084400 ms MarkObjects: 2.113900 ms  DeleteObjects: 0.102200 ms)

========================================================================
Received Import Request.
  Time since last request: 1004.764573 seconds.
  path: Assets/PiecesSO/New Piece SO.asset
  artifactKey: Guid(354ed8fbdcb161b43ba4bc3837a179e9) Importer(815301076,1909f56bfc062723c751e8b465ee728b)
Start importing Assets/PiecesSO/New Piece SO.asset using Guid(354ed8fbdcb161b43ba4bc3837a179e9) Importer(815301076,1909f56bfc062723c751e8b465ee728b)  -> (artifact id: 'bbcbb6d66c74a463cb37ce94a51afc22') in 0.018224 seconds
  Import took 0.023140 seconds .

========================================================================
Received Import Request.
  Time since last request: 0.001899 seconds.
  path: Assets/PiecesSO/New Piece SO.asset
  artifactKey: Guid(354ed8fbdcb161b43ba4bc3837a179e9) Importer(815301076,1909f56bfc062723c751e8b465ee728b)
Start importing Assets/PiecesSO/New Piece SO.asset using Guid(354ed8fbdcb161b43ba4bc3837a179e9) Importer(815301076,1909f56bfc062723c751e8b465ee728b)  -> (artifact id: 'bbcbb6d66c74a463cb37ce94a51afc22') in 0.004991 seconds
  Import took 0.010371 seconds .

========================================================================
Received Prepare
Registering precompiled user dll's ...
Registered in 0.005130 seconds.
Begin MonoManager ReloadAssembly
Native extension for WindowsStandalone target not found
Native extension for WebGL target not found
Refreshing native plugins compatible for Editor in 0.46 ms, found 3 plugins.
Preloading 0 native plugins for Editor in 0.00 ms.
Mono: successfully reloaded assembly
- Completed reload, in  1.060 seconds
Platform modules already initialized, skipping
Refreshing native plugins compatible for Editor in 0.49 ms, found 3 plugins.
Preloading 0 native plugins for Editor in 0.00 ms.
Unloading 2377 Unused Serialized files (Serialized files now loaded: 0)
System memory in use before: 108.1 MB.
System memory in use after: 108.2 MB.

Unloading 21 unused Assets to reduce memory usage. Loaded Objects now: 2989.
Total: 2.614400 ms (FindLiveObjects: 0.259800 ms CreateObjectMapping: 0.107800 ms MarkObjects: 2.138500 ms  DeleteObjects: 0.107500 ms)

========================================================================
Received Prepare
Registering precompiled user dll's ...
Registered in 0.005320 seconds.
Begin MonoManager ReloadAssembly
Native extension for WindowsStandalone target not found
Native extension for WebGL target not found
Refreshing native plugins compatible for Editor in 0.48 ms, found 3 plugins.
Preloading 0 native plugins for Editor in 0.00 ms.
Mono: successfully reloaded assembly
- Completed reload, in  1.068 seconds
Platform modules already initialized, skipping
Refreshing native plugins compatible for Editor in 0.48 ms, found 3 plugins.
Preloading 0 native plugins for Editor in 0.00 ms.
Unloading 2377 Unused Serialized files (Serialized files now loaded: 0)
System memory in use before: 108.1 MB.
System memory in use after: 108.2 MB.

Unloading 21 unused Assets to reduce memory usage. Loaded Objects now: 2993.
Total: 2.638400 ms (FindLiveObjects: 0.247600 ms CreateObjectMapping: 0.096700 ms MarkObjects: 2.169500 ms  DeleteObjects: 0.123600 ms)

========================================================================
Received Prepare
Registering precompiled user dll's ...
Registered in 0.007953 seconds.
Begin MonoManager ReloadAssembly
Native extension for WindowsStandalone target not found
Native extension for WebGL target not found
Refreshing native plugins compatible for Editor in 0.46 ms, found 3 plugins.
Preloading 0 native plugins for Editor in 0.00 ms.
Mono: successfully reloaded assembly
- Completed reload, in  1.065 seconds
Platform modules already initialized, skipping
Refreshing native plugins compatible for Editor in 0.47 ms, found 3 plugins.
Preloading 0 native plugins for Editor in 0.00 ms.
Unloading 2377 Unused Serialized files (Serialized files now loaded: 0)
System memory in use before: 108.1 MB.
System memory in use after: 108.2 MB.

Unloading 21 unused Assets to reduce memory usage. Loaded Objects now: 2997.
Total: 3.480200 ms (FindLiveObjects: 0.750700 ms CreateObjectMapping: 0.216300 ms MarkObjects: 2.397200 ms  DeleteObjects: 0.114700 ms)

========================================================================
Received Prepare
Registering precompiled user dll's ...
Registered in 0.005067 seconds.
Begin MonoManager ReloadAssembly
Native extension for WindowsStandalone target not found
Native extension for WebGL target not found
Refreshing native plugins compatible for Editor in 0.49 ms, found 3 plugins.
Preloading 0 native plugins for Editor in 0.00 ms.
Mono: successfully reloaded assembly
- Completed reload, in  1.071 seconds
Platform modules already initialized, skipping
Refreshing native plugins compatible for Editor in 0.46 ms, found 3 plugins.
Preloading 0 native plugins for Editor in 0.00 ms.
Unloading 2377 Unused Serialized files (Serialized files now loaded: 0)
System memory in use before: 108.0 MB.
System memory in use after: 108.1 MB.

Unloading 21 unused Assets to reduce memory usage. Loaded Objects now: 3001.
Total: 2.734300 ms (FindLiveObjects: 0.241600 ms CreateObjectMapping: 0.082100 ms MarkObjects: 2.309800 ms  DeleteObjects: 0.100000 ms)

========================================================================
Received Prepare
Registering precompiled user dll's ...
Registered in 0.005517 seconds.
Begin MonoManager ReloadAssembly
Native extension for WindowsStandalone target not found
Native extension for WebGL target not found
Refreshing native plugins compatible for Editor in 0.48 ms, found 3 plugins.
Preloading 0 native plugins for Editor in 0.00 ms.
Mono: successfully reloaded assembly
- Completed reload, in  1.043 seconds
Platform modules already initialized, skipping
Refreshing native plugins compatible for Editor in 0.53 ms, found 3 plugins.
Preloading 0 native plugins for Editor in 0.00 ms.
Unloading 2377 Unused Serialized files (Serialized files now loaded: 0)
System memory in use before: 108.1 MB.
System memory in use after: 108.2 MB.

Unloading 21 unused Assets to reduce memory usage. Loaded Objects now: 3005.
Total: 2.385300 ms (FindLiveObjects: 0.223600 ms CreateObjectMapping: 0.103800 ms MarkObjects: 1.955500 ms  DeleteObjects: 0.101500 ms)

========================================================================
Received Prepare
Registering precompiled user dll's ...
Registered in 0.005046 seconds.
Begin MonoManager ReloadAssembly
Native extension for WindowsStandalone target not found
Native extension for WebGL target not found
Refreshing native plugins compatible for Editor in 0.46 ms, found 3 plugins.
Preloading 0 native plugins for Editor in 0.00 ms.
Mono: successfully reloaded assembly
- Completed reload, in  1.061 seconds
Platform modules already initialized, skipping
Refreshing native plugins compatible for Editor in 0.46 ms, found 3 plugins.
Preloading 0 native plugins for Editor in 0.00 ms.
Unloading 2377 Unused Serialized files (Serialized files now loaded: 0)
System memory in use before: 108.1 MB.
System memory in use after: 108.2 MB.

Unloading 21 unused Assets to reduce memory usage. Loaded Objects now: 3009.
Total: 2.555500 ms (FindLiveObjects: 0.218100 ms CreateObjectMapping: 0.091900 ms MarkObjects: 2.142800 ms  DeleteObjects: 0.101900 ms)

========================================================================
Received Prepare
Registering precompiled user dll's ...
Registered in 0.005301 seconds.
Begin MonoManager ReloadAssembly
Native extension for WindowsStandalone target not found
Native extension for WebGL target not found
Refreshing native plugins compatible for Editor in 0.45 ms, found 3 plugins.
Preloading 0 native plugins for Editor in 0.00 ms.
Mono: successfully reloaded assembly
- Completed reload, in  1.057 seconds
Platform modules already initialized, skipping
Refreshing native plugins compatible for Editor in 0.50 ms, found 3 plugins.
Preloading 0 native plugins for Editor in 0.00 ms.
Unloading 2377 Unused Serialized files (Serialized files now loaded: 0)
System memory in use before: 108.1 MB.
System memory in use after: 108.2 MB.

Unloading 21 unused Assets to reduce memory usage. Loaded Objects now: 3013.
Total: 2.953800 ms (FindLiveObjects: 0.256400 ms CreateObjectMapping: 0.089000 ms MarkObjects: 2.167500 ms  DeleteObjects: 0.439900 ms)

========================================================================
Received Import Request.
  Time since last request: 644.089369 seconds.
  path: Assets/PiecesSO/New Piece SO.asset
  artifactKey: Guid(354ed8fbdcb161b43ba4bc3837a179e9) Importer(815301076,1909f56bfc062723c751e8b465ee728b)
Start importing Assets/PiecesSO/New Piece SO.asset using Guid(354ed8fbdcb161b43ba4bc3837a179e9) Importer(815301076,1909f56bfc062723c751e8b465ee728b)  -> (artifact id: 'b6a55b6f35ca2641b3963f680ec4e8cb') in 0.036163 seconds
  Import took 0.041065 seconds .

========================================================================
Received Import Request.
  Time since last request: 9.883232 seconds.
  path: Assets/PiecesSO/New Piece SO 1.asset
  artifactKey: Guid(476c38c1c28cff349828e9d0fd54d0c3) Importer(815301076,1909f56bfc062723c751e8b465ee728b)
Start importing Assets/PiecesSO/New Piece SO 1.asset using Guid(476c38c1c28cff349828e9d0fd54d0c3) Importer(815301076,1909f56bfc062723c751e8b465ee728b)  -> (artifact id: '64ad3090023db3c042c775e77a885b26') in 0.005424 seconds
  Import took 0.010327 seconds .

========================================================================
Received Import Request.
  Time since last request: 0.006660 seconds.
  path: Assets/PiecesSO/New Piece SO 1.asset
  artifactKey: Guid(476c38c1c28cff349828e9d0fd54d0c3) Importer(815301076,1909f56bfc062723c751e8b465ee728b)
Start importing Assets/PiecesSO/New Piece SO 1.asset using Guid(476c38c1c28cff349828e9d0fd54d0c3) Importer(815301076,1909f56bfc062723c751e8b465ee728b)  -> (artifact id: '64ad3090023db3c042c775e77a885b26') in 0.004006 seconds
  Import took 0.009649 seconds .

========================================================================
Received Import Request.
  Time since last request: 53.858346 seconds.
  path: Assets/PiecesSO/New Piece SO 1.asset
  artifactKey: Guid(476c38c1c28cff349828e9d0fd54d0c3) Importer(815301076,1909f56bfc062723c751e8b465ee728b)
Start importing Assets/PiecesSO/New Piece SO 1.asset using Guid(476c38c1c28cff349828e9d0fd54d0c3) Importer(815301076,1909f56bfc062723c751e8b465ee728b)  -> (artifact id: '1cce3623855542ee0ac80aba750b727e') in 0.005031 seconds
  Import took 0.009198 seconds .

========================================================================
Received Import Request.
  Time since last request: 165.712731 seconds.
  path: Assets/PiecesSO/RightL.asset
  artifactKey: Guid(476c38c1c28cff349828e9d0fd54d0c3) Importer(815301076,1909f56bfc062723c751e8b465ee728b)
Start importing Assets/PiecesSO/RightL.asset using Guid(476c38c1c28cff349828e9d0fd54d0c3) Importer(815301076,1909f56bfc062723c751e8b465ee728b)  -> (artifact id: 'aed724e4f3e0d28f2b52d75a7e3a8933') in 0.007115 seconds
  Import took 0.011197 seconds .

========================================================================
Received Import Request.
  Time since last request: 4.817737 seconds.
  path: Assets/PiecesSO/Box.asset
  artifactKey: Guid(354ed8fbdcb161b43ba4bc3837a179e9) Importer(815301076,1909f56bfc062723c751e8b465ee728b)
Start importing Assets/PiecesSO/Box.asset using Guid(354ed8fbdcb161b43ba4bc3837a179e9) Importer(815301076,1909f56bfc062723c751e8b465ee728b)  -> (artifact id: 'e7c553f39058576de3d1ab5fb49ca4db') in 0.008773 seconds
  Import took 0.014087 seconds .

========================================================================
Received Prepare
Registering precompiled user dll's ...
Registered in 0.010586 seconds.
Begin MonoManager ReloadAssembly
Native extension for WindowsStandalone target not found
Native extension for WebGL target not found
Refreshing native plugins compatible for Editor in 0.53 ms, found 3 plugins.
Preloading 0 native plugins for Editor in 0.00 ms.
Mono: successfully reloaded assembly
- Completed reload, in  1.136 seconds
Platform modules already initialized, skipping
Refreshing native plugins compatible for Editor in 0.45 ms, found 3 plugins.
Preloading 0 native plugins for Editor in 0.00 ms.
Unloading 2377 Unused Serialized files (Serialized files now loaded: 0)
System memory in use before: 108.2 MB.
System memory in use after: 108.2 MB.

Unloading 21 unused Assets to reduce memory usage. Loaded Objects now: 3017.
Total: 2.500400 ms (FindLiveObjects: 0.240700 ms CreateObjectMapping: 0.108600 ms MarkObjects: 2.042500 ms  DeleteObjects: 0.107800 ms)

========================================================================
Received Prepare
Registering precompiled user dll's ...
Registered in 0.005106 seconds.
Begin MonoManager ReloadAssembly
Native extension for WindowsStandalone target not found
Native extension for WebGL target not found
Refreshing native plugins compatible for Editor in 0.68 ms, found 3 plugins.
Preloading 0 native plugins for Editor in 0.00 ms.
Mono: successfully reloaded assembly
- Completed reload, in  1.115 seconds
Platform modules already initialized, skipping
Refreshing native plugins compatible for Editor in 0.46 ms, found 3 plugins.
Preloading 0 native plugins for Editor in 0.00 ms.
Unloading 2377 Unused Serialized files (Serialized files now loaded: 0)
System memory in use before: 108.1 MB.
System memory in use after: 108.1 MB.

Unloading 21 unused Assets to reduce memory usage. Loaded Objects now: 3021.
Total: 2.478300 ms (FindLiveObjects: 0.265700 ms CreateObjectMapping: 0.091100 ms MarkObjects: 2.021100 ms  DeleteObjects: 0.099700 ms)

========================================================================
Received Prepare
Registering precompiled user dll's ...
Registered in 0.005115 seconds.
Begin MonoManager ReloadAssembly
Native extension for WindowsStandalone target not found
Native extension for WebGL target not found
Refreshing native plugins compatible for Editor in 0.51 ms, found 3 plugins.
Preloading 0 native plugins for Editor in 0.00 ms.
Mono: successfully reloaded assembly
- Completed reload, in  1.062 seconds
Platform modules already initialized, skipping
Refreshing native plugins compatible for Editor in 0.46 ms, found 3 plugins.
Preloading 0 native plugins for Editor in 0.00 ms.
Unloading 2377 Unused Serialized files (Serialized files now loaded: 0)
System memory in use before: 108.2 MB.
System memory in use after: 108.3 MB.

Unloading 21 unused Assets to reduce memory usage. Loaded Objects now: 3025.
Total: 2.701900 ms (FindLiveObjects: 0.243400 ms CreateObjectMapping: 0.087100 ms MarkObjects: 2.270000 ms  DeleteObjects: 0.100600 ms)

========================================================================
Received Prepare
Registering precompiled user dll's ...
Registered in 0.005042 seconds.
Begin MonoManager ReloadAssembly
Native extension for WindowsStandalone target not found
Native extension for WebGL target not found
Refreshing native plugins compatible for Editor in 0.48 ms, found 3 plugins.
Preloading 0 native plugins for Editor in 0.00 ms.
Mono: successfully reloaded assembly
- Completed reload, in  1.081 seconds
Platform modules already initialized, skipping
Refreshing native plugins compatible for Editor in 1.49 ms, found 3 plugins.
Preloading 0 native plugins for Editor in 0.00 ms.
Unloading 2377 Unused Serialized files (Serialized files now loaded: 0)
System memory in use before: 108.2 MB.
System memory in use after: 108.3 MB.

Unloading 21 unused Assets to reduce memory usage. Loaded Objects now: 3029.
Total: 8.367100 ms (FindLiveObjects: 1.186800 ms CreateObjectMapping: 0.373900 ms MarkObjects: 6.598100 ms  DeleteObjects: 0.204300 ms)

========================================================================
Received Prepare
Registering precompiled user dll's ...
Registered in 0.005045 seconds.
Begin MonoManager ReloadAssembly
Native extension for WindowsStandalone target not found
Native extension for WebGL target not found
Refreshing native plugins compatible for Editor in 0.46 ms, found 3 plugins.
Preloading 0 native plugins for Editor in 0.00 ms.
Mono: successfully reloaded assembly
- Completed reload, in  1.039 seconds
Platform modules already initialized, skipping
Refreshing native plugins compatible for Editor in 0.55 ms, found 3 plugins.
Preloading 0 native plugins for Editor in 0.00 ms.
Unloading 2377 Unused Serialized files (Serialized files now loaded: 0)
System memory in use before: 108.2 MB.
System memory in use after: 108.3 MB.

Unloading 21 unused Assets to reduce memory usage. Loaded Objects now: 3033.
Total: 2.499100 ms (FindLiveObjects: 0.238700 ms CreateObjectMapping: 0.105200 ms MarkObjects: 2.053200 ms  DeleteObjects: 0.101200 ms)

========================================================================
Received Import Request.
  Time since last request: 1980.448361 seconds.
  path: Assets/Prefabs/PieceRightL.prefab
  artifactKey: Guid(bb8a8589bf05de34b9df696d1198ce26) Importer(815301076,1909f56bfc062723c751e8b465ee728b)
Start importing Assets/Prefabs/PieceRightL.prefab using Guid(bb8a8589bf05de34b9df696d1198ce26) Importer(815301076,1909f56bfc062723c751e8b465ee728b)  -> (artifact id: 'c8e0456e06f5ce59b0425f38006e106a') in 0.094973 seconds
  Import took 0.099112 seconds .

========================================================================
Received Import Request.
  Time since last request: 9.102275 seconds.
  path: Assets/Prefabs/PieceRightL.prefab
  artifactKey: Guid(bb8a8589bf05de34b9df696d1198ce26) Importer(815301076,1909f56bfc062723c751e8b465ee728b)
Start importing Assets/Prefabs/PieceRightL.prefab using Guid(bb8a8589bf05de34b9df696d1198ce26) Importer(815301076,1909f56bfc062723c751e8b465ee728b)  -> (artifact id: 'e26c5a4bd9e57fe7faa900cf1e745cbf') in 0.014207 seconds
  Import took 0.020630 seconds .

========================================================================
Received Import Request.
  Time since last request: 13.275746 seconds.
  path: Assets/Prefabs/PieceBox.prefab
  artifactKey: Guid(c93f08d855e38c24a870f77ebfb9c76f) Importer(815301076,1909f56bfc062723c751e8b465ee728b)
Start importing Assets/Prefabs/PieceBox.prefab using Guid(c93f08d855e38c24a870f77ebfb9c76f) Importer(815301076,1909f56bfc062723c751e8b465ee728b)  -> (artifact id: '71d86cd89e632febb87ad3d91c45c8f4') in 0.014743 seconds
  Import took 0.019335 seconds .

AssetImportWorkerClient::OnTransportError - code=2 error=End of file
